<?xml version="1.0" encoding="UTF-8"?>
<testng-results ignored="0" total="1" passed="1" failed="0" skipped="0">
  <reporter-output>
  </reporter-output>
  <suite started-at="2025-11-07T09:51:35 IST" name="Default suite" finished-at="2025-11-07T09:52:15 IST" duration-ms="40073">
    <groups>
    </groups>
    <test started-at="2025-11-07T09:51:35 IST" name="Default test" finished-at="2025-11-07T09:52:15 IST" duration-ms="40073">
      <class name="tests.Demoblazetest">
        <test-method is-config="true" signature="setup()[pri:0, instance:tests.Demoblazetest@55b0dcab]" started-at="2025-11-07T09:51:35 IST" name="setup" finished-at="2025-11-07T09:51:44 IST" duration-ms="9487" status="PASS">
          <reporter-output>
          </reporter-output>
        </test-method> <!-- setup -->
        <test-method signature="testPurchaseFlow()[pri:0, instance:tests.Demoblazetest@55b0dcab]" started-at="2025-11-07T09:51:44 IST" name="testPurchaseFlow" finished-at="2025-11-07T09:52:13 IST" duration-ms="29201" status="PASS">
          <reporter-output>
          </reporter-output>
        </test-method> <!-- testPurchaseFlow -->
        <test-method is-config="true" signature="tearDown()[pri:0, instance:tests.Demoblazetest@55b0dcab]" started-at="2025-11-07T09:52:13 IST" name="tearDown" finished-at="2025-11-07T09:52:15 IST" duration-ms="1179" status="PASS">
          <reporter-output>
          </reporter-output>
        </test-method> <!-- tearDown -->
      </class> <!-- tests.Demoblazetest -->
    </test> <!-- Default test -->
  </suite> <!-- Default suite -->
</testng-results>
